\BOOKMARK [0][-]{chapter*.2}{Abstract}{}% 1
\BOOKMARK [0][-]{chapter*.4}{Introduction}{}% 2
\BOOKMARK [0][-]{chapter.1}{Active galactic nuclei}{}% 3
\BOOKMARK [1][-]{section.1.1}{Brief history of AGN}{chapter.1}% 4
\BOOKMARK [1][-]{section.1.2}{Unified model of AGN}{chapter.1}% 5
\BOOKMARK [1][-]{section.1.3}{The extended narrow-line region}{chapter.1}% 6
\BOOKMARK [2][-]{subsection.1.3.1}{Spectral properties of the ENLR}{section.1.3}% 7
\BOOKMARK [2][-]{subsection.1.3.2}{Morphology}{section.1.3}% 8
\BOOKMARK [2][-]{subsection.1.3.3}{The origin of the gas}{section.1.3}% 9
\BOOKMARK [1][-]{section.1.4}{Kiloparsec scale radio emission region}{chapter.1}% 10
\BOOKMARK [2][-]{subsection.1.4.1}{Principal properties}{section.1.4}% 11
\BOOKMARK [2][-]{subsection.1.4.2}{KSR and ENLR}{section.1.4}% 12
\BOOKMARK [0][-]{chapter.2}{Emission processes in AGN}{}% 13
\BOOKMARK [1][-]{section.2.1}{Synchrotron emission}{chapter.2}% 14
\BOOKMARK [2][-]{subsection.2.1.1}{Synchrotron emission of a particle plasma}{section.2.1}% 15
\BOOKMARK [1][-]{section.2.2}{Thermal emission}{chapter.2}% 16
\BOOKMARK [2][-]{subsection.2.2.1}{Black body radiation}{section.2.2}% 17
\BOOKMARK [1][-]{section.2.3}{Free-free emission}{chapter.2}% 18
\BOOKMARK [1][-]{section.2.4}{Emission lines}{chapter.2}% 19
\BOOKMARK [2][-]{subsection.2.4.1}{Recombination lines}{section.2.4}% 20
\BOOKMARK [2][-]{subsection.2.4.2}{Forbidden lines}{section.2.4}% 21
\BOOKMARK [1][-]{section.2.5}{Shocks}{chapter.2}% 22
\BOOKMARK [2][-]{subsection.2.5.1}{Radiative structure of shocks}{section.2.5}% 23
\BOOKMARK [0][-]{chapter.3}{IC 5063 and NGC 7212}{}% 24
\BOOKMARK [1][-]{section.3.1}{Introduction}{chapter.3}% 25
\BOOKMARK [1][-]{section.3.2}{Sample and observations}{chapter.3}% 26
\BOOKMARK [2][-]{subsection.3.2.1}{IC5063}{section.3.2}% 27
\BOOKMARK [2][-]{subsection.3.2.2}{NGC7212}{section.3.2}% 28
\BOOKMARK [1][-]{section.3.3}{Data Reduction}{chapter.3}% 29
\BOOKMARK [2][-]{subsection.3.3.1}{Subtraction of the stellar continuum}{section.3.3}% 30
\BOOKMARK [2][-]{subsection.3.3.2}{Deblending}{section.3.3}% 31
\BOOKMARK [1][-]{section.3.4}{Data Analysis and Results}{chapter.3}% 32
\BOOKMARK [2][-]{subsection.3.4.1}{Diagnostic Diagrams}{section.3.4}% 33
\BOOKMARK [2][-]{subsection.3.4.2}{Ionization parameter and extinction}{section.3.4}% 34
\BOOKMARK [2][-]{subsection.3.4.3}{Temperature and densities}{section.3.4}% 35
\BOOKMARK [2][-]{subsection.3.4.4}{Line profiles}{section.3.4}% 36
\BOOKMARK [2][-]{subsection.3.4.5}{Detailed modeling of the observed spectra}{section.3.4}% 37
\BOOKMARK [2][-]{subsection.3.4.6}{The spectral energy distribution of the continuum}{section.3.4}% 38
\BOOKMARK [1][-]{section.3.5}{Concluding remarks}{chapter.3}% 39
\BOOKMARK [0][-]{chapter.4}{Extended radio emission in Mrk 783}{}% 40
\BOOKMARK [1][-]{section.4.1}{Introduction}{chapter.4}% 41
\BOOKMARK [1][-]{section.4.2}{Mrk 783}{chapter.4}% 42
\BOOKMARK [1][-]{section.4.3}{Data reduction}{chapter.4}% 43
\BOOKMARK [1][-]{section.4.4}{Results}{chapter.4}% 44
\BOOKMARK [1][-]{section.4.5}{Discussion}{chapter.4}% 45
\BOOKMARK [1][-]{section.4.6}{Concluding remarks}{chapter.4}% 46
\BOOKMARK [0][-]{chapter.5}{Optical analysis of Mrk 783}{}% 47
\BOOKMARK [1][-]{section.5.1}{Introduction}{chapter.5}% 48
\BOOKMARK [1][-]{section.5.2}{Mrk 783}{chapter.5}% 49
\BOOKMARK [1][-]{section.5.3}{Observations}{chapter.5}% 50
\BOOKMARK [2][-]{subsection.5.3.1}{Spectroscopy}{section.5.3}% 51
\BOOKMARK [2][-]{subsection.5.3.2}{Imaging}{section.5.3}% 52
\BOOKMARK [1][-]{section.5.4}{Preliminary Analysis}{chapter.5}% 53
\BOOKMARK [2][-]{subsection.5.4.1}{Two dimensional spectra}{section.5.4}% 54
\BOOKMARK [2][-]{subsection.5.4.2}{Morphology and color}{section.5.4}% 55
\BOOKMARK [2][-]{subsection.5.4.3}{Environment}{section.5.4}% 56
\BOOKMARK [1][-]{section.5.5}{Spectral Analysis}{chapter.5}% 57
\BOOKMARK [2][-]{subsection.5.5.1}{Spectra Extraction and Line Fitting}{section.5.5}% 58
\BOOKMARK [2][-]{subsection.5.5.2}{The nuclear spectrum}{section.5.5}% 59
\BOOKMARK [2][-]{subsection.5.5.3}{Kinematics}{section.5.5}% 60
\BOOKMARK [2][-]{subsection.5.5.4}{Line ratios}{section.5.5}% 61
\BOOKMARK [1][-]{section.5.6}{Discussion}{chapter.5}% 62
\BOOKMARK [1][-]{section.5.7}{Concluding remarks}{chapter.5}% 63
\BOOKMARK [0][-]{chapter*.66}{Conclusions}{}% 64
\BOOKMARK [0][-]{chapter*.67}{Bibliography}{}% 65
\BOOKMARK [0][-]{appendix*.68}{Appendix: lines profiles}{}% 66
\BOOKMARK [0][-]{appendix*.86}{Appendix: diagnostic diagrams}{}% 67
\BOOKMARK [0][-]{appendix*.90}{Appendix: results of SUMA simulations}{}% 68
\BOOKMARK [1][-]{section.Alph0.1}{IC5063}{appendix*.90}% 69
\BOOKMARK [1][-]{section.Alph0.2}{NGC7212}{appendix*.90}% 70
\BOOKMARK [0][-]{appendix*.123}{Acknowledgment}{}% 71
